2024-12-16T11:45:47.591-03:00  INFO 1272 --- [springsecurity] [main] l.c.s.SpringsecurityApplication          : Starting SpringsecurityApplication using Java 17.0.8 with PID 1272 (C:\Users\user\Programming\spring_security\springsecurity\target\classes started by lipe in C:\Users\user\Programming\spring_security\springsecurity)
2024-12-16T11:45:47.624-03:00  INFO 1272 --- [springsecurity] [main] l.c.s.SpringsecurityApplication          : No active profile set, falling back to 1 default profile: "default"
2024-12-16T11:45:49.133-03:00  INFO 1272 --- [springsecurity] [main] .s.d.r.c.RepositoryConfigurationDelegate : Bootstrapping Spring Data JPA repositories in DEFAULT mode.
2024-12-16T11:45:49.274-03:00  INFO 1272 --- [springsecurity] [main] .s.d.r.c.RepositoryConfigurationDelegate : Finished Spring Data repository scanning in 102 ms. Found 2 JPA repository interfaces.
2024-12-16T11:45:50.582-03:00  INFO 1272 --- [springsecurity] [main] o.s.b.w.embedded.tomcat.TomcatWebServer  : Tomcat initialized with port 8080 (http)
2024-12-16T11:45:50.621-03:00  INFO 1272 --- [springsecurity] [main] o.apache.catalina.core.StandardService   : Starting service [Tomcat]
2024-12-16T11:45:50.626-03:00  INFO 1272 --- [springsecurity] [main] o.apache.catalina.core.StandardEngine    : Starting Servlet engine: [Apache Tomcat/10.1.33]
2024-12-16T11:45:50.776-03:00  INFO 1272 --- [springsecurity] [main] o.a.c.c.C.[Tomcat].[localhost].[/]       : Initializing Spring embedded WebApplicationContext
2024-12-16T11:45:50.780-03:00  INFO 1272 --- [springsecurity] [main] w.s.c.ServletWebServerApplicationContext : Root WebApplicationContext: initialization completed in 2993 ms
2024-12-16T11:45:51.881-03:00  INFO 1272 --- [springsecurity] [main] o.s.o.j.p.SpringPersistenceUnitInfo      : No LoadTimeWeaver setup: ignoring JPA class transformer
2024-12-16T11:45:51.957-03:00  INFO 1272 --- [springsecurity] [main] com.zaxxer.hikari.HikariDataSource       : HikariPool-1 - Starting...
2024-12-16T11:45:52.591-03:00  INFO 1272 --- [springsecurity] [main] com.zaxxer.hikari.pool.HikariPool        : HikariPool-1 - Added connection com.mysql.cj.jdbc.ConnectionImpl@5ddd84d2
2024-12-16T11:45:52.599-03:00  INFO 1272 --- [springsecurity] [main] com.zaxxer.hikari.HikariDataSource       : HikariPool-1 - Start completed.
2024-12-16T11:45:54.665-03:00  INFO 1272 --- [springsecurity] [main] j.LocalContainerEntityManagerFactoryBean : Initialized JPA EntityManagerFactory for persistence unit 'default'
2024-12-16T11:45:55.300-03:00  WARN 1272 --- [springsecurity] [main] JpaBaseConfiguration$JpaWebConfiguration : spring.jpa.open-in-view is enabled by default. Therefore, database queries may be performed during view rendering. Explicitly configure spring.jpa.open-in-view to disable this warning
2024-12-16T11:45:55.351-03:00  INFO 1272 --- [springsecurity] [main] r$InitializeUserDetailsManagerConfigurer : Global AuthenticationManager configured with UserDetailsService bean with name authService
2024-12-16T11:45:55.592-03:00 DEBUG 1272 --- [springsecurity] [main] s.w.s.m.m.a.RequestMappingHandlerMapping : 4 mappings in 'requestMappingHandlerMapping'
2024-12-16T11:45:55.752-03:00 DEBUG 1272 --- [springsecurity] [main] o.s.w.s.handler.SimpleUrlHandlerMapping  : Patterns [/webjars/**, /**] in 'resourceHandlerMapping'
2024-12-16T11:45:55.992-03:00 DEBUG 1272 --- [springsecurity] [main] s.w.s.m.m.a.RequestMappingHandlerAdapter : ControllerAdvice beans: 0 @ModelAttribute, 0 @InitBinder, 1 RequestBodyAdvice, 1 ResponseBodyAdvice
2024-12-16T11:45:56.077-03:00 DEBUG 1272 --- [springsecurity] [main] .m.m.a.ExceptionHandlerExceptionResolver : ControllerAdvice beans: 0 @ExceptionHandler, 1 ResponseBodyAdvice
2024-12-16T11:45:56.326-03:00  INFO 1272 --- [springsecurity] [main] o.s.b.w.embedded.tomcat.TomcatWebServer  : Tomcat started on port 8080 (http) with context path '/'
2024-12-16T11:45:56.342-03:00  INFO 1272 --- [springsecurity] [main] l.c.s.SpringsecurityApplication          : Started SpringsecurityApplication in 9.623 seconds (process running for 10.53)
2024-12-16T11:48:15.220-03:00  INFO 1272 --- [springsecurity] [http-nio-8080-exec-1] o.a.c.c.C.[Tomcat].[localhost].[/]       : Initializing Spring DispatcherServlet 'dispatcherServlet'
2024-12-16T11:48:15.221-03:00  INFO 1272 --- [springsecurity] [http-nio-8080-exec-1] o.s.web.servlet.DispatcherServlet        : Initializing Servlet 'dispatcherServlet'
2024-12-16T11:48:15.222-03:00 DEBUG 1272 --- [springsecurity] [http-nio-8080-exec-1] o.s.web.servlet.DispatcherServlet        : Detected StandardServletMultipartResolver
2024-12-16T11:48:15.223-03:00 DEBUG 1272 --- [springsecurity] [http-nio-8080-exec-1] o.s.web.servlet.DispatcherServlet        : Detected AcceptHeaderLocaleResolver
2024-12-16T11:48:15.223-03:00 DEBUG 1272 --- [springsecurity] [http-nio-8080-exec-1] o.s.web.servlet.DispatcherServlet        : Detected FixedThemeResolver
2024-12-16T11:48:15.225-03:00 DEBUG 1272 --- [springsecurity] [http-nio-8080-exec-1] o.s.web.servlet.DispatcherServlet        : Detected org.springframework.web.servlet.view.DefaultRequestToViewNameTranslator@d79a69b
2024-12-16T11:48:15.227-03:00 DEBUG 1272 --- [springsecurity] [http-nio-8080-exec-1] o.s.web.servlet.DispatcherServlet        : Detected org.springframework.web.servlet.support.SessionFlashMapManager@31887330
2024-12-16T11:48:15.228-03:00 DEBUG 1272 --- [springsecurity] [http-nio-8080-exec-1] o.s.web.servlet.DispatcherServlet        : enableLoggingRequestDetails='false': request parameters and headers will be masked to prevent unsafe logging of potentially sensitive data
2024-12-16T11:48:15.230-03:00  INFO 1272 --- [springsecurity] [http-nio-8080-exec-1] o.s.web.servlet.DispatcherServlet        : Completed initialization in 8 ms
2024-12-16T12:09:33.042-03:00  INFO 9676 --- [springsecurity] [main] l.c.s.SpringsecurityApplication          : Starting SpringsecurityApplication using Java 17.0.8 with PID 9676 (C:\Users\user\Programming\spring_security\springsecurity\target\classes started by lipe in C:\Users\user\Programming\spring_security\springsecurity)
2024-12-16T12:09:33.049-03:00  INFO 9676 --- [springsecurity] [main] l.c.s.SpringsecurityApplication          : No active profile set, falling back to 1 default profile: "default"
2024-12-16T12:09:34.539-03:00  INFO 9676 --- [springsecurity] [main] .s.d.r.c.RepositoryConfigurationDelegate : Bootstrapping Spring Data JPA repositories in DEFAULT mode.
2024-12-16T12:09:34.684-03:00  INFO 9676 --- [springsecurity] [main] .s.d.r.c.RepositoryConfigurationDelegate : Finished Spring Data repository scanning in 122 ms. Found 2 JPA repository interfaces.
2024-12-16T12:09:35.932-03:00  INFO 9676 --- [springsecurity] [main] o.s.b.w.embedded.tomcat.TomcatWebServer  : Tomcat initialized with port 8080 (http)
2024-12-16T12:09:35.955-03:00  INFO 9676 --- [springsecurity] [main] o.apache.catalina.core.StandardService   : Starting service [Tomcat]
2024-12-16T12:09:35.955-03:00  INFO 9676 --- [springsecurity] [main] o.apache.catalina.core.StandardEngine    : Starting Servlet engine: [Apache Tomcat/10.1.33]
2024-12-16T12:09:36.100-03:00  INFO 9676 --- [springsecurity] [main] o.a.c.c.C.[Tomcat].[localhost].[/]       : Initializing Spring embedded WebApplicationContext
2024-12-16T12:09:36.103-03:00  INFO 9676 --- [springsecurity] [main] w.s.c.ServletWebServerApplicationContext : Root WebApplicationContext: initialization completed in 2920 ms
2024-12-16T12:09:37.059-03:00  INFO 9676 --- [springsecurity] [main] o.s.o.j.p.SpringPersistenceUnitInfo      : No LoadTimeWeaver setup: ignoring JPA class transformer
2024-12-16T12:09:37.125-03:00  INFO 9676 --- [springsecurity] [main] com.zaxxer.hikari.HikariDataSource       : HikariPool-1 - Starting...
2024-12-16T12:09:37.590-03:00  INFO 9676 --- [springsecurity] [main] com.zaxxer.hikari.pool.HikariPool        : HikariPool-1 - Added connection com.mysql.cj.jdbc.ConnectionImpl@4fbe486c
2024-12-16T12:09:37.590-03:00  INFO 9676 --- [springsecurity] [main] com.zaxxer.hikari.HikariDataSource       : HikariPool-1 - Start completed.
2024-12-16T12:09:39.335-03:00  INFO 9676 --- [springsecurity] [main] j.LocalContainerEntityManagerFactoryBean : Initialized JPA EntityManagerFactory for persistence unit 'default'
2024-12-16T12:09:39.875-03:00  WARN 9676 --- [springsecurity] [main] JpaBaseConfiguration$JpaWebConfiguration : spring.jpa.open-in-view is enabled by default. Therefore, database queries may be performed during view rendering. Explicitly configure spring.jpa.open-in-view to disable this warning
2024-12-16T12:09:39.922-03:00  INFO 9676 --- [springsecurity] [main] r$InitializeUserDetailsManagerConfigurer : Global AuthenticationManager configured with UserDetailsService bean with name authService
2024-12-16T12:09:40.124-03:00 DEBUG 9676 --- [springsecurity] [main] s.w.s.m.m.a.RequestMappingHandlerMapping : 4 mappings in 'requestMappingHandlerMapping'
2024-12-16T12:09:40.310-03:00 DEBUG 9676 --- [springsecurity] [main] o.s.w.s.handler.SimpleUrlHandlerMapping  : Patterns [/webjars/**, /**] in 'resourceHandlerMapping'
2024-12-16T12:09:40.540-03:00 DEBUG 9676 --- [springsecurity] [main] s.w.s.m.m.a.RequestMappingHandlerAdapter : ControllerAdvice beans: 0 @ModelAttribute, 0 @InitBinder, 1 RequestBodyAdvice, 1 ResponseBodyAdvice
2024-12-16T12:09:40.613-03:00 DEBUG 9676 --- [springsecurity] [main] .m.m.a.ExceptionHandlerExceptionResolver : ControllerAdvice beans: 0 @ExceptionHandler, 1 ResponseBodyAdvice
2024-12-16T12:09:40.903-03:00  INFO 9676 --- [springsecurity] [main] o.s.b.w.embedded.tomcat.TomcatWebServer  : Tomcat started on port 8080 (http) with context path '/'
2024-12-16T12:09:40.918-03:00  INFO 9676 --- [springsecurity] [main] l.c.s.SpringsecurityApplication          : Started SpringsecurityApplication in 8.763 seconds (process running for 9.869)
2024-12-16T12:09:47.634-03:00  INFO 9676 --- [springsecurity] [http-nio-8080-exec-3] o.a.c.c.C.[Tomcat].[localhost].[/]       : Initializing Spring DispatcherServlet 'dispatcherServlet'
2024-12-16T12:09:47.636-03:00  INFO 9676 --- [springsecurity] [http-nio-8080-exec-3] o.s.web.servlet.DispatcherServlet        : Initializing Servlet 'dispatcherServlet'
2024-12-16T12:09:47.637-03:00 DEBUG 9676 --- [springsecurity] [http-nio-8080-exec-3] o.s.web.servlet.DispatcherServlet        : Detected StandardServletMultipartResolver
2024-12-16T12:09:47.639-03:00 DEBUG 9676 --- [springsecurity] [http-nio-8080-exec-3] o.s.web.servlet.DispatcherServlet        : Detected AcceptHeaderLocaleResolver
2024-12-16T12:09:47.640-03:00 DEBUG 9676 --- [springsecurity] [http-nio-8080-exec-3] o.s.web.servlet.DispatcherServlet        : Detected FixedThemeResolver
2024-12-16T12:09:47.644-03:00 DEBUG 9676 --- [springsecurity] [http-nio-8080-exec-3] o.s.web.servlet.DispatcherServlet        : Detected org.springframework.web.servlet.view.DefaultRequestToViewNameTranslator@3c3a767
2024-12-16T12:09:47.647-03:00 DEBUG 9676 --- [springsecurity] [http-nio-8080-exec-3] o.s.web.servlet.DispatcherServlet        : Detected org.springframework.web.servlet.support.SessionFlashMapManager@e14559e
2024-12-16T12:09:47.648-03:00 DEBUG 9676 --- [springsecurity] [http-nio-8080-exec-3] o.s.web.servlet.DispatcherServlet        : enableLoggingRequestDetails='false': request parameters and headers will be masked to prevent unsafe logging of potentially sensitive data
2024-12-16T12:09:47.649-03:00  INFO 9676 --- [springsecurity] [http-nio-8080-exec-3] o.s.web.servlet.DispatcherServlet        : Completed initialization in 12 ms
2024-12-16T12:15:10.128-03:00  INFO 5012 --- [springsecurity] [main] l.c.s.SpringsecurityApplication          : Starting SpringsecurityApplication using Java 17.0.8 with PID 5012 (C:\Users\user\Programming\spring_security\springsecurity\target\classes started by lipe in C:\Users\user\Programming\spring_security\springsecurity)
2024-12-16T12:15:10.133-03:00  INFO 5012 --- [springsecurity] [main] l.c.s.SpringsecurityApplication          : No active profile set, falling back to 1 default profile: "default"
2024-12-16T12:15:11.502-03:00  INFO 5012 --- [springsecurity] [main] .s.d.r.c.RepositoryConfigurationDelegate : Bootstrapping Spring Data JPA repositories in DEFAULT mode.
2024-12-16T12:15:11.655-03:00  INFO 5012 --- [springsecurity] [main] .s.d.r.c.RepositoryConfigurationDelegate : Finished Spring Data repository scanning in 118 ms. Found 2 JPA repository interfaces.
2024-12-16T12:15:12.642-03:00  INFO 5012 --- [springsecurity] [main] o.s.b.w.embedded.tomcat.TomcatWebServer  : Tomcat initialized with port 8080 (http)
2024-12-16T12:15:12.667-03:00  INFO 5012 --- [springsecurity] [main] o.apache.catalina.core.StandardService   : Starting service [Tomcat]
2024-12-16T12:15:12.667-03:00  INFO 5012 --- [springsecurity] [main] o.apache.catalina.core.StandardEngine    : Starting Servlet engine: [Apache Tomcat/10.1.33]
2024-12-16T12:15:12.815-03:00  INFO 5012 --- [springsecurity] [main] o.a.c.c.C.[Tomcat].[localhost].[/]       : Initializing Spring embedded WebApplicationContext
2024-12-16T12:15:12.817-03:00  INFO 5012 --- [springsecurity] [main] w.s.c.ServletWebServerApplicationContext : Root WebApplicationContext: initialization completed in 2587 ms
2024-12-16T12:15:13.788-03:00  INFO 5012 --- [springsecurity] [main] o.s.o.j.p.SpringPersistenceUnitInfo      : No LoadTimeWeaver setup: ignoring JPA class transformer
2024-12-16T12:15:13.855-03:00  INFO 5012 --- [springsecurity] [main] com.zaxxer.hikari.HikariDataSource       : HikariPool-1 - Starting...
2024-12-16T12:15:14.322-03:00  INFO 5012 --- [springsecurity] [main] com.zaxxer.hikari.pool.HikariPool        : HikariPool-1 - Added connection com.mysql.cj.jdbc.ConnectionImpl@32d22650
2024-12-16T12:15:14.330-03:00  INFO 5012 --- [springsecurity] [main] com.zaxxer.hikari.HikariDataSource       : HikariPool-1 - Start completed.
2024-12-16T12:15:16.132-03:00  INFO 5012 --- [springsecurity] [main] j.LocalContainerEntityManagerFactoryBean : Initialized JPA EntityManagerFactory for persistence unit 'default'
2024-12-16T12:15:16.741-03:00  WARN 5012 --- [springsecurity] [main] JpaBaseConfiguration$JpaWebConfiguration : spring.jpa.open-in-view is enabled by default. Therefore, database queries may be performed during view rendering. Explicitly configure spring.jpa.open-in-view to disable this warning
2024-12-16T12:15:16.782-03:00  INFO 5012 --- [springsecurity] [main] r$InitializeUserDetailsManagerConfigurer : Global AuthenticationManager configured with UserDetailsService bean with name authService
2024-12-16T12:15:16.997-03:00 DEBUG 5012 --- [springsecurity] [main] s.w.s.m.m.a.RequestMappingHandlerMapping : 4 mappings in 'requestMappingHandlerMapping'
2024-12-16T12:15:17.141-03:00 DEBUG 5012 --- [springsecurity] [main] o.s.w.s.handler.SimpleUrlHandlerMapping  : Patterns [/webjars/**, /**] in 'resourceHandlerMapping'
2024-12-16T12:15:17.347-03:00 DEBUG 5012 --- [springsecurity] [main] s.w.s.m.m.a.RequestMappingHandlerAdapter : ControllerAdvice beans: 0 @ModelAttribute, 0 @InitBinder, 1 RequestBodyAdvice, 1 ResponseBodyAdvice
2024-12-16T12:15:17.416-03:00 DEBUG 5012 --- [springsecurity] [main] .m.m.a.ExceptionHandlerExceptionResolver : ControllerAdvice beans: 0 @ExceptionHandler, 1 ResponseBodyAdvice
2024-12-16T12:15:17.638-03:00  INFO 5012 --- [springsecurity] [main] o.s.b.w.embedded.tomcat.TomcatWebServer  : Tomcat started on port 8080 (http) with context path '/'
2024-12-16T12:15:17.652-03:00  INFO 5012 --- [springsecurity] [main] l.c.s.SpringsecurityApplication          : Started SpringsecurityApplication in 8.315 seconds (process running for 9.155)
2024-12-16T12:15:24.611-03:00  INFO 5012 --- [springsecurity] [http-nio-8080-exec-1] o.a.c.c.C.[Tomcat].[localhost].[/]       : Initializing Spring DispatcherServlet 'dispatcherServlet'
2024-12-16T12:15:24.616-03:00  INFO 5012 --- [springsecurity] [http-nio-8080-exec-1] o.s.web.servlet.DispatcherServlet        : Initializing Servlet 'dispatcherServlet'
2024-12-16T12:15:24.621-03:00 DEBUG 5012 --- [springsecurity] [http-nio-8080-exec-1] o.s.web.servlet.DispatcherServlet        : Detected StandardServletMultipartResolver
2024-12-16T12:15:24.623-03:00 DEBUG 5012 --- [springsecurity] [http-nio-8080-exec-1] o.s.web.servlet.DispatcherServlet        : Detected AcceptHeaderLocaleResolver
2024-12-16T12:15:24.625-03:00 DEBUG 5012 --- [springsecurity] [http-nio-8080-exec-1] o.s.web.servlet.DispatcherServlet        : Detected FixedThemeResolver
2024-12-16T12:15:24.628-03:00 DEBUG 5012 --- [springsecurity] [http-nio-8080-exec-1] o.s.web.servlet.DispatcherServlet        : Detected org.springframework.web.servlet.view.DefaultRequestToViewNameTranslator@3abd7b20
2024-12-16T12:15:24.634-03:00 DEBUG 5012 --- [springsecurity] [http-nio-8080-exec-1] o.s.web.servlet.DispatcherServlet        : Detected org.springframework.web.servlet.support.SessionFlashMapManager@4545cfc0
2024-12-16T12:15:24.639-03:00 DEBUG 5012 --- [springsecurity] [http-nio-8080-exec-1] o.s.web.servlet.DispatcherServlet        : enableLoggingRequestDetails='false': request parameters and headers will be masked to prevent unsafe logging of potentially sensitive data
2024-12-16T12:15:24.646-03:00  INFO 5012 --- [springsecurity] [http-nio-8080-exec-1] o.s.web.servlet.DispatcherServlet        : Completed initialization in 25 ms
2024-12-16T12:21:03.113-03:00  INFO 7228 --- [springsecurity] [main] l.c.s.SpringsecurityApplication          : Starting SpringsecurityApplication using Java 17.0.8 with PID 7228 (C:\Users\user\Programming\spring_security\springsecurity\target\classes started by lipe in C:\Users\user\Programming\spring_security\springsecurity)
2024-12-16T12:21:03.118-03:00  INFO 7228 --- [springsecurity] [main] l.c.s.SpringsecurityApplication          : No active profile set, falling back to 1 default profile: "default"
2024-12-16T12:21:04.491-03:00  INFO 7228 --- [springsecurity] [main] .s.d.r.c.RepositoryConfigurationDelegate : Bootstrapping Spring Data JPA repositories in DEFAULT mode.
2024-12-16T12:21:04.613-03:00  INFO 7228 --- [springsecurity] [main] .s.d.r.c.RepositoryConfigurationDelegate : Finished Spring Data repository scanning in 104 ms. Found 2 JPA repository interfaces.
2024-12-16T12:21:05.753-03:00  INFO 7228 --- [springsecurity] [main] o.s.b.w.embedded.tomcat.TomcatWebServer  : Tomcat initialized with port 8080 (http)
2024-12-16T12:21:05.802-03:00  INFO 7228 --- [springsecurity] [main] o.apache.catalina.core.StandardService   : Starting service [Tomcat]
2024-12-16T12:21:05.807-03:00  INFO 7228 --- [springsecurity] [main] o.apache.catalina.core.StandardEngine    : Starting Servlet engine: [Apache Tomcat/10.1.33]
2024-12-16T12:21:05.928-03:00  INFO 7228 --- [springsecurity] [main] o.a.c.c.C.[Tomcat].[localhost].[/]       : Initializing Spring embedded WebApplicationContext
2024-12-16T12:21:05.930-03:00  INFO 7228 --- [springsecurity] [main] w.s.c.ServletWebServerApplicationContext : Root WebApplicationContext: initialization completed in 2673 ms
2024-12-16T12:21:06.892-03:00  INFO 7228 --- [springsecurity] [main] o.s.o.j.p.SpringPersistenceUnitInfo      : No LoadTimeWeaver setup: ignoring JPA class transformer
2024-12-16T12:21:06.954-03:00  INFO 7228 --- [springsecurity] [main] com.zaxxer.hikari.HikariDataSource       : HikariPool-1 - Starting...
2024-12-16T12:21:07.412-03:00  INFO 7228 --- [springsecurity] [main] com.zaxxer.hikari.pool.HikariPool        : HikariPool-1 - Added connection com.mysql.cj.jdbc.ConnectionImpl@40017e98
2024-12-16T12:21:07.416-03:00  INFO 7228 --- [springsecurity] [main] com.zaxxer.hikari.HikariDataSource       : HikariPool-1 - Start completed.
2024-12-16T12:21:09.377-03:00  INFO 7228 --- [springsecurity] [main] j.LocalContainerEntityManagerFactoryBean : Initialized JPA EntityManagerFactory for persistence unit 'default'
2024-12-16T12:21:10.328-03:00  WARN 7228 --- [springsecurity] [main] JpaBaseConfiguration$JpaWebConfiguration : spring.jpa.open-in-view is enabled by default. Therefore, database queries may be performed during view rendering. Explicitly configure spring.jpa.open-in-view to disable this warning
2024-12-16T12:21:10.418-03:00  INFO 7228 --- [springsecurity] [main] r$InitializeUserDetailsManagerConfigurer : Global AuthenticationManager configured with UserDetailsService bean with name authService
2024-12-16T12:21:10.808-03:00 DEBUG 7228 --- [springsecurity] [main] s.w.s.m.m.a.RequestMappingHandlerMapping : 4 mappings in 'requestMappingHandlerMapping'
2024-12-16T12:21:11.013-03:00 DEBUG 7228 --- [springsecurity] [main] o.s.w.s.handler.SimpleUrlHandlerMapping  : Patterns [/webjars/**, /**] in 'resourceHandlerMapping'
2024-12-16T12:21:11.258-03:00 DEBUG 7228 --- [springsecurity] [main] s.w.s.m.m.a.RequestMappingHandlerAdapter : ControllerAdvice beans: 0 @ModelAttribute, 0 @InitBinder, 1 RequestBodyAdvice, 1 ResponseBodyAdvice
2024-12-16T12:21:11.334-03:00 DEBUG 7228 --- [springsecurity] [main] .m.m.a.ExceptionHandlerExceptionResolver : ControllerAdvice beans: 0 @ExceptionHandler, 1 ResponseBodyAdvice
2024-12-16T12:21:11.653-03:00  INFO 7228 --- [springsecurity] [main] o.s.b.w.embedded.tomcat.TomcatWebServer  : Tomcat started on port 8080 (http) with context path '/'
2024-12-16T12:21:11.684-03:00  INFO 7228 --- [springsecurity] [main] l.c.s.SpringsecurityApplication          : Started SpringsecurityApplication in 9.321 seconds (process running for 10.339)
2024-12-16T12:23:35.993-03:00  INFO 7228 --- [springsecurity] [http-nio-8080-exec-2] o.a.c.c.C.[Tomcat].[localhost].[/]       : Initializing Spring DispatcherServlet 'dispatcherServlet'
2024-12-16T12:23:35.995-03:00  INFO 7228 --- [springsecurity] [http-nio-8080-exec-2] o.s.web.servlet.DispatcherServlet        : Initializing Servlet 'dispatcherServlet'
2024-12-16T12:23:35.996-03:00 DEBUG 7228 --- [springsecurity] [http-nio-8080-exec-2] o.s.web.servlet.DispatcherServlet        : Detected StandardServletMultipartResolver
2024-12-16T12:23:35.997-03:00 DEBUG 7228 --- [springsecurity] [http-nio-8080-exec-2] o.s.web.servlet.DispatcherServlet        : Detected AcceptHeaderLocaleResolver
2024-12-16T12:23:35.998-03:00 DEBUG 7228 --- [springsecurity] [http-nio-8080-exec-2] o.s.web.servlet.DispatcherServlet        : Detected FixedThemeResolver
2024-12-16T12:23:35.999-03:00 DEBUG 7228 --- [springsecurity] [http-nio-8080-exec-2] o.s.web.servlet.DispatcherServlet        : Detected org.springframework.web.servlet.view.DefaultRequestToViewNameTranslator@5edce7da
2024-12-16T12:23:36.001-03:00 DEBUG 7228 --- [springsecurity] [http-nio-8080-exec-2] o.s.web.servlet.DispatcherServlet        : Detected org.springframework.web.servlet.support.SessionFlashMapManager@5ae6119b
2024-12-16T12:23:36.002-03:00 DEBUG 7228 --- [springsecurity] [http-nio-8080-exec-2] o.s.web.servlet.DispatcherServlet        : enableLoggingRequestDetails='false': request parameters and headers will be masked to prevent unsafe logging of potentially sensitive data
2024-12-16T12:23:36.006-03:00  INFO 7228 --- [springsecurity] [http-nio-8080-exec-2] o.s.web.servlet.DispatcherServlet        : Completed initialization in 9 ms
2024-12-16T12:23:36.078-03:00 DEBUG 7228 --- [springsecurity] [http-nio-8080-exec-2] o.s.web.servlet.DispatcherServlet        : POST "/auth/login", parameters={}
2024-12-16T12:23:36.090-03:00 DEBUG 7228 --- [springsecurity] [http-nio-8080-exec-2] s.w.s.m.m.a.RequestMappingHandlerMapping : Mapped to lipe.com.springsecurity.controller.AuthController#login(LoginUsers)
2024-12-16T12:23:36.238-03:00 DEBUG 7228 --- [springsecurity] [http-nio-8080-exec-2] m.m.a.RequestResponseBodyMethodProcessor : Read "application/json;charset=UTF-8" to [lipe.com.springsecurity.dto.LoginUsers@4732c29c]
2024-12-16T12:23:36.709-03:00 DEBUG 7228 --- [springsecurity] [http-nio-8080-exec-2] o.s.w.s.m.m.a.HttpEntityMethodProcessor  : Using 'application/json', given [*/*] and supported [application/json, application/*+json]
2024-12-16T12:23:36.711-03:00 DEBUG 7228 --- [springsecurity] [http-nio-8080-exec-2] o.s.w.s.m.m.a.HttpEntityMethodProcessor  : Writing [lipe.com.springsecurity.dto.JwtResponse@56b37451]
2024-12-16T12:23:36.728-03:00 DEBUG 7228 --- [springsecurity] [http-nio-8080-exec-2] o.s.web.servlet.DispatcherServlet        : Completed 200 OK
